# JRE version: Java(TM) SE Runtime Environment 18.9 (11.0.17+10) (build 11.0.17+10-LTS-269)
# Java VM: Java HotSpot(TM) 64-Bit Server VM 18.9 (11.0.17+10-LTS-269, mixed mode, tiered, compressed oops, g1 gc, windows-amd64)
Heap:
 garbage-first heap   total 157696K, used 21888K [0x0000000081a00000, 0x0000000100000000)
  region size 1024K, 9 young (9216K), 1 survivors (1024K)
 Metaspace       used 22302K, capacity 22561K, committed 22784K, reserved 1069056K
  class space    used 2707K, capacity 2769K, committed 2816K, reserved 1048576K
GC Heap History (10 events):
Event: 0.468 GC heap before
{Heap before GC invocations=0 (full 0):
 garbage-first heap   total 131072K, used 13312K [0x0000000081a00000, 0x0000000100000000)
  region size 1024K, 14 young (14336K), 0 survivors (0K)
 Metaspace       used 9316K, capacity 9458K, committed 9600K, reserved 1058816K
  class space    used 829K, capacity 869K, committed 896K, reserved 1048576K
}
Event: 0.473 GC heap after
{Heap after GC invocations=1 (full 0):
 garbage-first heap   total 131072K, used 4829K [0x0000000081a00000, 0x0000000100000000)
  region size 1024K, 2 young (2048K), 2 survivors (2048K)
 Metaspace       used 9316K, capacity 9458K, committed 9600K, reserved 1058816K
  class space    used 829K, capacity 869K, committed 896K, reserved 1048576K
}
Event: 0.676 GC heap before
{Heap before GC invocations=1 (full 0):
 garbage-first heap   total 131072K, used 16093K [0x0000000081a00000, 0x0000000100000000)
  region size 1024K, 14 young (14336K), 2 survivors (2048K)
 Metaspace       used 10463K, capacity 10645K, committed 10880K, reserved 1058816K
  class space    used 974K, capacity 1032K, committed 1152K, reserved 1048576K
}
Event: 0.680 GC heap after
{Heap after GC invocations=2 (full 0):
 garbage-first heap   total 131072K, used 6217K [0x0000000081a00000, 0x0000000100000000)
  region size 1024K, 2 young (2048K), 2 survivors (2048K)
 Metaspace       used 10463K, capacity 10645K, committed 10880K, reserved 1058816K
  class space    used 974K, capacity 1032K, committed 1152K, reserved 1048576K
}
Event: 1.109 GC heap before
{Heap before GC invocations=2 (full 0):
 garbage-first heap   total 131072K, used 28745K [0x0000000081a00000, 0x0000000100000000)
  region size 1024K, 25 young (25600K), 2 survivors (2048K)
 Metaspace       used 14732K, capacity 14911K, committed 14976K, reserved 1062912K
  class space    used 1563K, capacity 1622K, committed 1664K, reserved 1048576K
}
Event: 1.114 GC heap after
{Heap after GC invocations=3 (full 0):
 garbage-first heap   total 131072K, used 8518K [0x0000000081a00000, 0x0000000100000000)
  region size 1024K, 4 young (4096K), 4 survivors (4096K)
 Metaspace       used 14732K, capacity 14911K, committed 14976K, reserved 1062912K
  class space    used 1563K, capacity 1622K, committed 1664K, reserved 1048576K
}
Event: 1.840 GC heap before
{Heap before GC invocations=3 (full 0):
 garbage-first heap   total 131072K, used 42310K [0x0000000081a00000, 0x0000000100000000)
  region size 1024K, 37 young (37888K), 4 survivors (4096K)
 Metaspace       used 19273K, capacity 19509K, committed 19712K, reserved 1067008K
  class space    used 2185K, capacity 2273K, committed 2304K, reserved 1048576K
}
Event: 1.853 GC heap after
{Heap after GC invocations=4 (full 0):
 garbage-first heap   total 131072K, used 13771K [0x0000000081a00000, 0x0000000100000000)
  region size 1024K, 5 young (5120K), 5 survivors (5120K)
 Metaspace       used 19273K, capacity 19509K, committed 19712K, reserved 1067008K
  class space    used 2185K, capacity 2273K, committed 2304K, reserved 1048576K
}
Event: 2.116 GC heap before
{Heap before GC invocations=4 (full 0):
 garbage-first heap   total 131072K, used 21963K [0x0000000081a00000, 0x0000000100000000)
  region size 1024K, 14 young (14336K), 5 survivors (5120K)
 Metaspace       used 21025K, capacity 21189K, committed 21248K, reserved 1069056K
  class space    used 2445K, capacity 2505K, committed 2560K, reserved 1048576K
}
Event: 2.126 GC heap after
{Heap after GC invocations=5 (full 0):
 garbage-first heap   total 157696K, used 14720K [0x0000000081a00000, 0x0000000100000000)
  region size 1024K, 1 young (1024K), 1 survivors (1024K)
 Metaspace       used 21025K, capacity 21189K, committed 21248K, reserved 1069056K
  class space    used 2445K, capacity 2505K, committed 2560K, reserved 1048576K
}

