# JRE version: Java(TM) SE Runtime Environment 18.9 (11.0.17+10) (build 11.0.17+10-LTS-269)
# Java VM: Java HotSpot(TM) 64-Bit Server VM 18.9 (11.0.17+10-LTS-269, mixed mode, tiered, compressed oops, g1 gc, windows-amd64)
Heap:
 garbage-first heap   total 131072K, used 22450K [0x0000000081a00000, 0x0000000100000000)
  region size 1024K, 15 young (15360K), 5 survivors (5120K)
 Metaspace       used 20862K, capacity 21061K, committed 21248K, reserved 1069056K
  class space    used 2432K, capacity 2505K, committed 2560K, reserved 1048576K
GC Heap History (8 events):
Event: 0.432 GC heap before
{Heap before GC invocations=0 (full 0):
 garbage-first heap   total 131072K, used 13312K [0x0000000081a00000, 0x0000000100000000)
  region size 1024K, 14 young (14336K), 0 survivors (0K)
 Metaspace       used 9317K, capacity 9458K, committed 9600K, reserved 1058816K
  class space    used 829K, capacity 869K, committed 896K, reserved 1048576K
}
Event: 0.437 GC heap after
{Heap after GC invocations=1 (full 0):
 garbage-first heap   total 131072K, used 4849K [0x0000000081a00000, 0x0000000100000000)
  region size 1024K, 2 young (2048K), 2 survivors (2048K)
 Metaspace       used 9317K, capacity 9458K, committed 9600K, reserved 1058816K
  class space    used 829K, capacity 869K, committed 896K, reserved 1048576K
}
Event: 0.602 GC heap before
{Heap before GC invocations=1 (full 0):
 garbage-first heap   total 131072K, used 16113K [0x0000000081a00000, 0x0000000100000000)
  region size 1024K, 14 young (14336K), 2 survivors (2048K)
 Metaspace       used 10466K, capacity 10645K, committed 10880K, reserved 1058816K
  class space    used 974K, capacity 1032K, committed 1152K, reserved 1048576K
}
Event: 0.606 GC heap after
{Heap after GC invocations=2 (full 0):
 garbage-first heap   total 131072K, used 6181K [0x0000000081a00000, 0x0000000100000000)
  region size 1024K, 2 young (2048K), 2 survivors (2048K)
 Metaspace       used 10466K, capacity 10645K, committed 10880K, reserved 1058816K
  class space    used 974K, capacity 1032K, committed 1152K, reserved 1048576K
}
Event: 1.010 GC heap before
{Heap before GC invocations=2 (full 0):
 garbage-first heap   total 131072K, used 27685K [0x0000000081a00000, 0x0000000100000000)
  region size 1024K, 24 young (24576K), 2 survivors (2048K)
 Metaspace       used 14680K, capacity 14847K, committed 14976K, reserved 1062912K
  class space    used 1559K, capacity 1622K, committed 1664K, reserved 1048576K
}
Event: 1.015 GC heap after
{Heap after GC invocations=3 (full 0):
 garbage-first heap   total 131072K, used 10166K [0x0000000081a00000, 0x0000000100000000)
  region size 1024K, 3 young (3072K), 3 survivors (3072K)
 Metaspace       used 14680K, capacity 14847K, committed 14976K, reserved 1062912K
  class space    used 1559K, capacity 1622K, committed 1664K, reserved 1048576K
}
Event: 1.692 GC heap before
{Heap before GC invocations=3 (full 0):
 garbage-first heap   total 131072K, used 42934K [0x0000000081a00000, 0x0000000100000000)
  region size 1024K, 35 young (35840K), 3 survivors (3072K)
 Metaspace       used 19268K, capacity 19509K, committed 19712K, reserved 1067008K
  class space    used 2188K, capacity 2273K, committed 2304K, reserved 1048576K
}
Event: 1.700 GC heap after
{Heap after GC invocations=4 (full 0):
 garbage-first heap   total 131072K, used 13234K [0x0000000081a00000, 0x0000000100000000)
  region size 1024K, 5 young (5120K), 5 survivors (5120K)
 Metaspace       used 19268K, capacity 19509K, committed 19712K, reserved 1067008K
  class space    used 2188K, capacity 2273K, committed 2304K, reserved 1048576K
}

